{"D:\\caba9\\Documents\\www\\mobilender3\\src\\services\\auth.js": {"path":"D:\\caba9\\Documents\\www\\mobilender3\\src\\services\\auth.js","statementMap":{"0":{"start":{"line":3,"column":21},"end":{"line":10,"column":1}},"1":{"start":{"line":4,"column":2},"end":{"line":9,"column":3}},"2":{"start":{"line":5,"column":4},"end":{"line":8,"column":6}}},"fnMap":{"0":{"name":"(anonymous_0)","decl":{"start":{"line":3,"column":21},"end":{"line":3,"column":22}},"loc":{"start":{"line":3,"column":42},"end":{"line":10,"column":1}},"line":3}},"branchMap":{"0":{"loc":{"start":{"line":4,"column":2},"end":{"line":9,"column":3}},"type":"if","locations":[{"start":{"line":4,"column":2},"end":{"line":9,"column":3}},{"start":{"line":4,"column":2},"end":{"line":9,"column":3}}],"line":4},"1":{"loc":{"start":{"line":4,"column":6},"end":{"line":4,"column":23}},"type":"binary-expr","locations":[{"start":{"line":4,"column":6},"end":{"line":4,"column":11}},{"start":{"line":4,"column":15},"end":{"line":4,"column":23}}],"line":4}},"s":{"0":1,"1":0,"2":0},"f":{"0":0},"b":{"0":[0,0],"1":[0,0]},"_coverageSchema":"43e27e138ebf9cfc5966b082cf9a028302ed4184","hash":"4e76b0aa872c668bc8a799acb0c4a54bf9d2cc2f"}
,"D:\\caba9\\Documents\\www\\mobilender3\\src\\views\\Login.vue": {"path":"D:\\caba9\\Documents\\www\\mobilender3\\src\\views\\Login.vue","statementMap":{"0":{"start":{"line":37,"column":0},"end":{"line":37,"column":null}},"1":{"start":{"line":38,"column":0},"end":{"line":38,"column":null}},"2":{"start":{"line":39,"column":0},"end":{"line":39,"column":null}},"3":{"start":{"line":40,"column":0},"end":{"line":40,"column":null}},"4":{"start":{"line":41,"column":0},"end":{"line":41,"column":null}},"5":{"start":{"line":42,"column":0},"end":{"line":42,"column":null}},"6":{"start":{"line":43,"column":15},"end":{"line":43,"column":null}},"7":{"start":{"line":46,"column":4},"end":{"line":46,"column":11}},"8":{"start":{"line":55,"column":6},"end":{"line":58,"column":null}},"9":{"start":{"line":56,"column":8},"end":{"line":56,"column":13}},"10":{"start":{"line":57,"column":8},"end":{"line":57,"column":15}},"11":{"start":{"line":60,"column":6},"end":{"line":63,"column":null}},"12":{"start":{"line":61,"column":8},"end":{"line":61,"column":13}},"13":{"start":{"line":62,"column":8},"end":{"line":62,"column":15}},"14":{"start":{"line":65,"column":6},"end":{"line":65,"column":11}},"15":{"start":{"line":66,"column":6},"end":{"line":66,"column":13}},"16":{"start":{"line":69,"column":17},"end":{"line":69,"column":null}},"17":{"start":{"line":70,"column":6},"end":{"line":70,"column":13}},"18":{"start":{"line":73,"column":6},"end":{"line":75,"column":null}},"19":{"start":{"line":74,"column":8},"end":{"line":74,"column":null}},"20":{"start":{"line":76,"column":6},"end":{"line":88,"column":null}},"21":{"start":{"line":77,"column":8},"end":{"line":77,"column":13}},"22":{"start":{"line":78,"column":20},"end":{"line":78,"column":32}},"23":{"start":{"line":79,"column":8},"end":{"line":82,"column":null}},"24":{"start":{"line":80,"column":10},"end":{"line":80,"column":15}},"25":{"start":{"line":81,"column":10},"end":{"line":81,"column":15}},"26":{"start":{"line":83,"column":8},"end":{"line":83,"column":13}},"27":{"start":{"line":85,"column":8},"end":{"line":85,"column":15}},"28":{"start":{"line":86,"column":8},"end":{"line":86,"column":13}},"29":{"start":{"line":87,"column":8},"end":{"line":87,"column":13}},"30":{"start":{"line":92,"column":18},"end":{"line":92,"column":null}},"31":{"start":{"line":93,"column":19},"end":{"line":93,"column":null}},"32":{"start":{"line":94,"column":4},"end":{"line":96,"column":null}},"33":{"start":{"line":95,"column":6},"end":{"line":95,"column":12}}},"fnMap":{"0":{"name":"(anonymous_0)","decl":{"start":{"line":45,"column":2},"end":{"line":45,"column":6}},"loc":{"start":{"line":45,"column":9},"end":{"line":52,"column":null}}},"1":{"name":"(anonymous_1)","decl":{"start":{"line":54,"column":4},"end":{"line":54,"column":18}},"loc":{"start":{"line":54,"column":21},"end":{"line":67,"column":null}}},"2":{"name":"(anonymous_2)","decl":{"start":{"line":68,"column":4},"end":{"line":68,"column":17}},"loc":{"start":{"line":68,"column":25},"end":{"line":71,"column":null}}},"3":{"name":"(anonymous_3)","decl":{"start":{"line":72,"column":4},"end":{"line":72,"column":10}},"loc":{"start":{"line":72,"column":21},"end":{"line":89,"column":null}}},"4":{"name":"(anonymous_4)","decl":{"start":{"line":91,"column":2},"end":{"line":91,"column":7}},"loc":{"start":{"line":91,"column":10},"end":{"line":97,"column":null}}}},"branchMap":{"0":{"loc":{"start":{"line":55,"column":6},"end":{"line":58,"column":null}},"type":"if","locations":[{"start":{"line":55,"column":6},"end":{"line":58,"column":null}},{"start":{"line":55,"column":6},"end":{"line":58,"column":null}}]},"1":{"loc":{"start":{"line":55,"column":10},"end":{"line":55,"column":25}},"type":"binary-expr","locations":[{"start":{"line":55,"column":10},"end":{"line":55,"column":25}},{"start":{"line":55,"column":25},"end":{"line":55,"column":41}}]},"2":{"loc":{"start":{"line":60,"column":6},"end":{"line":63,"column":null}},"type":"if","locations":[{"start":{"line":60,"column":6},"end":{"line":63,"column":null}},{"start":{"line":60,"column":6},"end":{"line":63,"column":null}}]},"3":{"loc":{"start":{"line":73,"column":6},"end":{"line":75,"column":null}},"type":"if","locations":[{"start":{"line":73,"column":6},"end":{"line":75,"column":null}},{"start":{"line":73,"column":6},"end":{"line":75,"column":null}}]},"4":{"loc":{"start":{"line":79,"column":8},"end":{"line":82,"column":null}},"type":"if","locations":[{"start":{"line":79,"column":8},"end":{"line":82,"column":null}},{"start":{"line":79,"column":8},"end":{"line":82,"column":null}}]},"5":{"loc":{"start":{"line":79,"column":12},"end":{"line":79,"column":24}},"type":"binary-expr","locations":[{"start":{"line":79,"column":12},"end":{"line":79,"column":24}},{"start":{"line":79,"column":24},"end":{"line":79,"column":40}}]},"6":{"loc":{"start":{"line":94,"column":4},"end":{"line":96,"column":null}},"type":"if","locations":[{"start":{"line":94,"column":4},"end":{"line":96,"column":null}},{"start":{"line":94,"column":4},"end":{"line":96,"column":null}}]}},"s":{"0":1,"1":1,"2":1,"3":1,"4":1,"5":1,"6":1,"7":2,"8":2,"9":1,"10":1,"11":1,"12":1,"13":1,"14":0,"15":0,"16":1,"17":1,"18":2,"19":2,"20":0,"21":0,"22":0,"23":0,"24":0,"25":0,"26":0,"27":0,"28":0,"29":0,"30":2,"31":2,"32":2,"33":0},"f":{"0":2,"1":2,"2":1,"3":2,"4":2},"b":{"0":[1,1],"1":[2,1],"2":[1,0],"3":[2,0],"4":[0,0],"5":[0,0],"6":[0,2]}}
}
