TN:
SF:D:\caba9\Documents\www\mobilender3\src\components\AppButton.vue
FN:18,(anonymous_0)
FNF:1
FNH:1
FNDA:5,(anonymous_0)
DA:11,2
DA:19,5
LF:2
LH:2
BRF:0
BRH:0
end_of_record
TN:
SF:D:\caba9\Documents\www\mobilender3\src\services\auth.js
FN:3,(anonymous_0)
FNF:1
FNH:0
FNDA:0,(anonymous_0)
DA:3,1
DA:4,0
DA:5,0
LF:3
LH:1
BRDA:4,0,0,0
BRDA:4,0,1,0
BRDA:4,1,0,0
BRDA:4,1,1,0
BRF:4
BRH:0
end_of_record
TN:
SF:D:\caba9\Documents\www\mobilender3\src\services\index.js
FNF:0
FNH:0
DA:3,1
LF:1
LH:1
BRF:0
BRH:0
end_of_record
TN:
SF:D:\caba9\Documents\www\mobilender3\src\store\index.js
FN:8,(anonymous_0)
FN:12,(anonymous_1)
FNF:2
FNH:0
FNDA:0,(anonymous_0)
FNDA:0,(anonymous_1)
DA:9,0
DA:10,0
DA:13,0
DA:14,0
LF:4
LH:0
BRF:0
BRH:0
end_of_record
TN:
SF:D:\caba9\Documents\www\mobilender3\src\views\Login.vue
FN:45,(anonymous_0)
FN:54,(anonymous_1)
FN:68,(anonymous_2)
FN:72,(anonymous_3)
FN:90,(anonymous_4)
FNF:5
FNH:4
FNDA:4,(anonymous_0)
FNDA:1,(anonymous_1)
FNDA:0,(anonymous_2)
FNDA:1,(anonymous_3)
FNDA:4,(anonymous_4)
DA:37,1
DA:38,1
DA:39,1
DA:40,1
DA:41,1
DA:42,1
DA:43,1
DA:46,4
DA:55,1
DA:56,1
DA:57,1
DA:60,0
DA:61,0
DA:62,0
DA:65,0
DA:66,0
DA:69,0
DA:70,0
DA:73,1
DA:74,1
DA:76,0
DA:77,0
DA:78,0
DA:79,0
DA:80,0
DA:81,0
DA:83,0
DA:85,0
DA:86,0
DA:91,4
DA:92,4
DA:93,4
DA:94,0
LF:33
LH:16
BRDA:55,0,0,1
BRDA:55,0,1,0
BRDA:55,1,0,1
BRDA:55,1,1,0
BRDA:60,2,0,0
BRDA:60,2,1,0
BRDA:73,3,0,1
BRDA:73,3,1,0
BRDA:79,4,0,0
BRDA:79,4,1,0
BRDA:79,5,0,0
BRDA:79,5,1,0
BRDA:93,6,0,0
BRDA:93,6,1,4
BRF:14
BRH:4
end_of_record
