TN:
SF:D:\caba9\Documents\www\mobilender3\src\services\auth.js
FN:3,(anonymous_0)
FNF:1
FNH:0
FNDA:0,(anonymous_0)
DA:3,1
DA:4,0
DA:5,0
LF:3
LH:1
BRDA:4,0,0,0
BRDA:4,0,1,0
BRDA:4,1,0,0
BRDA:4,1,1,0
BRF:4
BRH:0
end_of_record
TN:
SF:D:\caba9\Documents\www\mobilender3\src\views\Login.vue
FN:45,(anonymous_0)
FN:54,(anonymous_1)
FN:68,(anonymous_2)
FN:72,(anonymous_3)
FN:91,(anonymous_4)
FNF:5
FNH:5
FNDA:2,(anonymous_0)
FNDA:2,(anonymous_1)
FNDA:1,(anonymous_2)
FNDA:2,(anonymous_3)
FNDA:2,(anonymous_4)
DA:37,1
DA:38,1
DA:39,1
DA:40,1
DA:41,1
DA:42,1
DA:43,1
DA:46,2
DA:55,2
DA:56,1
DA:57,1
DA:60,1
DA:61,1
DA:62,1
DA:65,0
DA:66,0
DA:69,1
DA:70,1
DA:73,2
DA:74,2
DA:76,0
DA:77,0
DA:78,0
DA:79,0
DA:80,0
DA:81,0
DA:83,0
DA:85,0
DA:86,0
DA:87,0
DA:92,2
DA:93,2
DA:94,2
DA:95,0
LF:34
LH:21
BRDA:55,0,0,1
BRDA:55,0,1,1
BRDA:55,1,0,2
BRDA:55,1,1,1
BRDA:60,2,0,1
BRDA:60,2,1,0
BRDA:73,3,0,2
BRDA:73,3,1,0
BRDA:79,4,0,0
BRDA:79,4,1,0
BRDA:79,5,0,0
BRDA:79,5,1,0
BRDA:94,6,0,0
BRDA:94,6,1,2
BRF:14
BRH:7
end_of_record
